  CCollider.cpp
  The contents of <numbers> are available only with C++20 or later.
C:\Users\Noh\Desktop\coding\CS\Winapi\WinApiLecture\Client\Struct.h(12,14): warning C4244: 'return': 'double'에서 'float'(으)로 변환하면서 데이터가 손실될 수 있습니다.
  CCollisionMgr.cpp
  The contents of <numbers> are available only with C++20 or later.
C:\Users\Noh\Desktop\coding\CS\Winapi\WinApiLecture\Client\Struct.h(12,14): warning C4244: 'return': 'double'에서 'float'(으)로 변환하면서 데이터가 손실될 수 있습니다.
  CCore.cpp
  The contents of <numbers> are available only with C++20 or later.
C:\Users\Noh\Desktop\coding\CS\Winapi\WinApiLecture\Client\Struct.h(12,14): warning C4244: 'return': 'double'에서 'float'(으)로 변환하면서 데이터가 손실될 수 있습니다.
  CKeyMgr.cpp
  The contents of <numbers> are available only with C++20 or later.
C:\Users\Noh\Desktop\coding\CS\Winapi\WinApiLecture\Client\Struct.h(12,14): warning C4244: 'return': 'double'에서 'float'(으)로 변환하면서 데이터가 손실될 수 있습니다.
  Client.cpp
  The contents of <numbers> are available only with C++20 or later.
C:\Users\Noh\Desktop\coding\CS\Winapi\WinApiLecture\Client\Struct.h(12,14): warning C4244: 'return': 'double'에서 'float'(으)로 변환하면서 데이터가 손실될 수 있습니다.
  CMissile.cpp
  The contents of <numbers> are available only with C++20 or later.
C:\Users\Noh\Desktop\coding\CS\Winapi\WinApiLecture\Client\Struct.h(12,14): warning C4244: 'return': 'double'에서 'float'(으)로 변환하면서 데이터가 손실될 수 있습니다.
  CMonster.cpp
  The contents of <numbers> are available only with C++20 or later.
C:\Users\Noh\Desktop\coding\CS\Winapi\WinApiLecture\Client\Struct.h(12,14): warning C4244: 'return': 'double'에서 'float'(으)로 변환하면서 데이터가 손실될 수 있습니다.
  CObject.cpp
  The contents of <numbers> are available only with C++20 or later.
C:\Users\Noh\Desktop\coding\CS\Winapi\WinApiLecture\Client\Struct.h(12,14): warning C4244: 'return': 'double'에서 'float'(으)로 변환하면서 데이터가 손실될 수 있습니다.
  CPathMgr.cpp
  The contents of <numbers> are available only with C++20 or later.
C:\Users\Noh\Desktop\coding\CS\Winapi\WinApiLecture\Client\Struct.h(12,14): warning C4244: 'return': 'double'에서 'float'(으)로 변환하면서 데이터가 손실될 수 있습니다.
C:\Users\Noh\Desktop\coding\CS\Winapi\WinApiLecture\Client\CPathMgr.cpp(21,36): warning C4267: '초기화 중': 'size_t'에서 'int'(으)로 변환하면서 데이터가 손실될 수 있습니다.
  CPlayer.cpp
  The contents of <numbers> are available only with C++20 or later.
C:\Users\Noh\Desktop\coding\CS\Winapi\WinApiLecture\Client\Struct.h(12,14): warning C4244: 'return': 'double'에서 'float'(으)로 변환하면서 데이터가 손실될 수 있습니다.
  CRes.cpp
  The contents of <numbers> are available only with C++20 or later.
C:\Users\Noh\Desktop\coding\CS\Winapi\WinApiLecture\Client\Struct.h(12,14): warning C4244: 'return': 'double'에서 'float'(으)로 변환하면서 데이터가 손실될 수 있습니다.
  CResMgr.cpp
  The contents of <numbers> are available only with C++20 or later.
C:\Users\Noh\Desktop\coding\CS\Winapi\WinApiLecture\Client\Struct.h(12,14): warning C4244: 'return': 'double'에서 'float'(으)로 변환하면서 데이터가 손실될 수 있습니다.
  CScene.cpp
  The contents of <numbers> are available only with C++20 or later.
C:\Users\Noh\Desktop\coding\CS\Winapi\WinApiLecture\Client\Struct.h(12,14): warning C4244: 'return': 'double'에서 'float'(으)로 변환하면서 데이터가 손실될 수 있습니다.
  CSceneMgr.cpp
  The contents of <numbers> are available only with C++20 or later.
C:\Users\Noh\Desktop\coding\CS\Winapi\WinApiLecture\Client\Struct.h(12,14): warning C4244: 'return': 'double'에서 'float'(으)로 변환하면서 데이터가 손실될 수 있습니다.
  CScene_Start.cpp
  The contents of <numbers> are available only with C++20 or later.
C:\Users\Noh\Desktop\coding\CS\Winapi\WinApiLecture\Client\Struct.h(12,14): warning C4244: 'return': 'double'에서 'float'(으)로 변환하면서 데이터가 손실될 수 있습니다.
  CSound.cpp
  The contents of <numbers> are available only with C++20 or later.
C:\Users\Noh\Desktop\coding\CS\Winapi\WinApiLecture\Client\Struct.h(12,14): warning C4244: 'return': 'double'에서 'float'(으)로 변환하면서 데이터가 손실될 수 있습니다.
  CTexture.cpp
  The contents of <numbers> are available only with C++20 or later.
C:\Users\Noh\Desktop\coding\CS\Winapi\WinApiLecture\Client\Struct.h(12,14): warning C4244: 'return': 'double'에서 'float'(으)로 변환하면서 데이터가 손실될 수 있습니다.
  CTimeMgr.cpp
  The contents of <numbers> are available only with C++20 or later.
C:\Users\Noh\Desktop\coding\CS\Winapi\WinApiLecture\Client\Struct.h(12,14): warning C4244: 'return': 'double'에서 'float'(으)로 변환하면서 데이터가 손실될 수 있습니다.
  SelectGDI.cpp
  The contents of <numbers> are available only with C++20 or later.
C:\Users\Noh\Desktop\coding\CS\Winapi\WinApiLecture\Client\Struct.h(12,14): warning C4244: 'return': 'double'에서 'float'(으)로 변환하면서 데이터가 손실될 수 있습니다.
  코드를 생성하고 있습니다.
  411 of 516 functions (79.7%) were compiled, the rest were copied from previous compilation.
    273 functions were new in current compilation
    20 functions had inline decision re-evaluated but remain unchanged
  코드를 생성했습니다.
  Client.vcxproj -> C:\Users\Noh\Desktop\coding\CS\Winapi\WinApiLecture\Output\bin\Client.exe
