c:\users\noh\desktop\coding\cs\winapi\winapilecture\client\x64\debug\client.pch
c:\users\noh\desktop\coding\cs\winapi\winapilecture\client\x64\debug\vc142.pdb
c:\users\noh\desktop\coding\cs\winapi\winapilecture\client\x64\debug\vc142.idb
c:\users\noh\desktop\coding\cs\winapi\winapilecture\client\x64\debug\ccore.obj
c:\users\noh\desktop\coding\cs\winapi\winapilecture\client\x64\debug\ckeymgr.obj
c:\users\noh\desktop\coding\cs\winapi\winapilecture\client\x64\debug\client.obj
c:\users\noh\desktop\coding\cs\winapi\winapilecture\client\x64\debug\cmissile.obj
c:\users\noh\desktop\coding\cs\winapi\winapilecture\client\x64\debug\cmonster.obj
c:\users\noh\desktop\coding\cs\winapi\winapilecture\client\x64\debug\cobject.obj
c:\users\noh\desktop\coding\cs\winapi\winapilecture\client\x64\debug\cplayer.obj
c:\users\noh\desktop\coding\cs\winapi\winapilecture\client\x64\debug\cres.obj
c:\users\noh\desktop\coding\cs\winapi\winapilecture\client\x64\debug\cscene.obj
c:\users\noh\desktop\coding\cs\winapi\winapilecture\client\x64\debug\cscenemgr.obj
c:\users\noh\desktop\coding\cs\winapi\winapilecture\client\x64\debug\cscene_start.obj
c:\users\noh\desktop\coding\cs\winapi\winapilecture\client\x64\debug\csound.obj
c:\users\noh\desktop\coding\cs\winapi\winapilecture\client\x64\debug\ctexture.obj
c:\users\noh\desktop\coding\cs\winapi\winapilecture\client\x64\debug\ctimemgr.obj
c:\users\noh\desktop\coding\cs\winapi\winapilecture\client\x64\debug\ccollider.obj
c:\users\noh\desktop\coding\cs\winapi\winapilecture\client\x64\debug\ccollisionmgr.obj
c:\users\noh\desktop\coding\cs\winapi\winapilecture\client\x64\debug\cpathmgr.obj
c:\users\noh\desktop\coding\cs\winapi\winapilecture\client\x64\debug\cresmgr.obj
c:\users\noh\desktop\coding\cs\winapi\winapilecture\client\x64\debug\selectgdi.obj
c:\users\noh\desktop\coding\cs\winapi\winapilecture\client\x64\debug\ceventmgr.obj
c:\users\noh\desktop\coding\cs\winapi\winapilecture\client\x64\debug\func.obj
c:\users\noh\desktop\coding\cs\winapi\winapilecture\client\x64\debug\cscene_tool.obj
c:\users\noh\desktop\coding\cs\winapi\winapilecture\client\x64\debug\canimation.obj
c:\users\noh\desktop\coding\cs\winapi\winapilecture\client\x64\debug\canimator.obj
c:\users\noh\desktop\coding\cs\winapi\winapilecture\client\x64\debug\ccamera.obj
c:\users\noh\desktop\coding\cs\winapi\winapilecture\client\x64\debug\unity_9ago7rqkp91nywhc.obj
c:\users\noh\desktop\coding\cs\winapi\winapilecture\client\x64\debug\unity_xv0djvth9mqjwit0.obj
c:\users\noh\desktop\coding\cs\winapi\winapilecture\client\x64\debug\unity_z6luic2d18lpr71z.obj
c:\users\noh\desktop\coding\cs\winapi\winapilecture\client\x64\debug\unity_jhc5b6dm0x8ok15e.obj
c:\output\bin_debug\client.ilk
c:\output\bin_debug\client.exe
c:\output\bin_debug\client.pdb
c:\users\noh\desktop\coding\cs\winapi\winapilecture\output\bin_debug\client.ilk
c:\users\noh\desktop\coding\cs\winapi\winapilecture\output\bin_debug\client.exe
c:\users\noh\desktop\coding\cs\winapi\winapilecture\output\bin_debug\client.pdb
c:\users\noh\desktop\coding\cs\winapi\winapilecture\client\x64\debug\client.res
c:\users\noh\desktop\coding\cs\winapi\winapilecture\client\x64\debug\client.tlog\cl.command.1.tlog
c:\users\noh\desktop\coding\cs\winapi\winapilecture\client\x64\debug\client.tlog\cl.read.1.tlog
c:\users\noh\desktop\coding\cs\winapi\winapilecture\client\x64\debug\client.tlog\cl.write.1.tlog
c:\users\noh\desktop\coding\cs\winapi\winapilecture\client\x64\debug\client.tlog\link.12064-cvtres.read.1.tlog
c:\users\noh\desktop\coding\cs\winapi\winapilecture\client\x64\debug\client.tlog\link.12064-cvtres.write.1.tlog
c:\users\noh\desktop\coding\cs\winapi\winapilecture\client\x64\debug\client.tlog\link.12064-rc.read.1.tlog
c:\users\noh\desktop\coding\cs\winapi\winapilecture\client\x64\debug\client.tlog\link.12064-rc.write.1.tlog
c:\users\noh\desktop\coding\cs\winapi\winapilecture\client\x64\debug\client.tlog\link.12064.read.1.tlog
c:\users\noh\desktop\coding\cs\winapi\winapilecture\client\x64\debug\client.tlog\link.12064.write.1.tlog
c:\users\noh\desktop\coding\cs\winapi\winapilecture\client\x64\debug\client.tlog\link.command.1.tlog
c:\users\noh\desktop\coding\cs\winapi\winapilecture\client\x64\debug\client.tlog\link.read.1.tlog
c:\users\noh\desktop\coding\cs\winapi\winapilecture\client\x64\debug\client.tlog\link.write.1.tlog
c:\users\noh\desktop\coding\cs\winapi\winapilecture\client\x64\debug\client.tlog\rc.command.1.tlog
c:\users\noh\desktop\coding\cs\winapi\winapilecture\client\x64\debug\client.tlog\rc.read.1.tlog
c:\users\noh\desktop\coding\cs\winapi\winapilecture\client\x64\debug\client.tlog\rc.write.1.tlog
